<?xml version="1.0" encoding="UTF-8"?>
<!-- Generated by org.testng.reporters.JUnitReportReporter -->
<testsuite skipped="0" hostname="MSI" name="com.syntax.practice.TestLogin" tests="4" failures="0" timestamp="2020-09-16T21:01:39 CDT" time="34.473" errors="0">
  <testcase name="loginTest" time="11.623" classname="com.syntax.practice.TestLogin"/>
  <system-out/>
  <testcase name="negativeLoginTest" time="7.558" classname="com.syntax.practice.TestLogin"/>
  <system-out/>
  <testcase name="negativeLoginTest" time="8.322" classname="com.syntax.practice.TestLogin"/>
  <system-out/>
  <testcase name="negativeLoginTest" time="6.970" classname="com.syntax.practice.TestLogin"/>
  <system-out/>
</testsuite> <!-- com.syntax.practice.TestLogin -->
